2023-06-25 20:47:02,753 INFO  [org.jboss.modules] (main) JBoss Modules version 1.5.2.Final
2023-06-25 20:47:03,104 INFO  [org.jboss.msc] (main) JBoss MSC version 1.2.6.Final
2023-06-25 20:47:03,216 INFO  [org.jboss.as] (MSC service thread 1-7) WFLYSRV0049: WildFly Full 10.1.0.Final (WildFly Core 2.2.0.Final) starting
2023-06-25 20:47:03,218 DEBUG [org.jboss.as.config] (MSC service thread 1-7) Configured system properties:
	awt.toolkit = sun.awt.windows.WToolkit
	file.encoding = Cp1250
	file.encoding.pkg = sun.io
	file.separator = \
	java.awt.graphicsenv = sun.awt.Win32GraphicsEnvironment
	java.awt.printerjob = sun.awt.windows.WPrinterJob
	java.class.path = C:\take\wildfly-10.1.0.Final\jboss-modules.jar
	java.class.version = 52.0
	java.endorsed.dirs = C:\take\jdk\jre\lib\endorsed
	java.ext.dirs = C:\take\jdk\jre\lib\ext;C:\Windows\Sun\Java\lib\ext
	java.home = C:\take\jdk\jre
	java.io.tmpdir = C:\Users\Jasiek\AppData\Local\Temp\
	java.library.path = C:\take\jdk\bin;C:\Windows\Sun\Java\bin;C:\Windows\system32;C:\Windows;C:\Program Files\Common Files\Oracle\Java\javapath;C:\Program Files\NVIDIA GPU Computing Toolkit\CUDA\v11.6\bin;C:\Program Files\NVIDIA GPU Computing Toolkit\CUDA\v11.6\libnvvp;C:\Program Files\Python310\Scripts\;C:\Program Files\Python310\;C:\Windows\system32;C:\Windows;C:\Windows\System32\Wbem;C:\Windows\System32\WindowsPowerShell\v1.0\;C:\Windows\System32\OpenSSH\;C:\Program Files\NVIDIA Corporation\NVIDIA NvDLISR;C:\Program Files (x86)\NVIDIA Corporation\PhysX\Common;C:\Program Files (x86)\mingw-w64\i686-8.1.0-posix-dwarf-rt_v6-rev0\mingw32\bin;C:\Program Files (x86)\GnuWin32\bin;C:\Program Files\Git\cmd;C:\Program Files\Microsoft SQL Server\150\Tools\Binn\;C:\Program Files\dotnet\;C:\Program Files\NVIDIA Corporation\Nsight Compute 2022.1.1\;C:\Program Files\nodejs\;C:\Program Files\Microchip\xc8\v2.36\bin;C:\vclibs\SDL2-2.26.2\lib\x64;C:\vclibs\SDL2_image-2.6.2\lib\x64;C:\vclibs\SDL2_ttf-2.20.1\lib\x64;C:\Program Files\Microsoft SQL Server\Client SDK\ODBC\170\Tools\Binn\;C:\Program Files (x86)\Microsoft SQL Server\160\Tools\Binn\;C:\Program Files\Microsoft SQL Server\160\Tools\Binn\;C:\Program Files\Microsoft SQL Server\160\DTS\Binn\;C:\Program Files (x86)\Microsoft SQL Server\160\DTS\Binn\;C:\Program Files\Microsoft SQL Server\140\DTS\Binn\;C:\Program Files\Microsoft SQL Server\150\DTS\Binn\;C:\Program Files\Azure Data Studio\bin;C:\Program Files\Docker\Docker\resources\bin;C:\Users\Jasiek\AppData\Local\Microsoft\WindowsApps;C:\Users\Jasiek\AppData\Local\Programs\Microsoft VS Code\bin;C:\Program Files (x86)\mingw-w64\i686-8.1.0-posix-dwarf-rt_v6-rev0\mingw32\bin;C:\Program Files (x86)\GnuWin32\bin;C:\Users\Jasiek\AppData\Roaming\npm;C:\Program Files\JetBrains\IntelliJ IDEA 2022.3\bin;;C:\Users\Jasiek\.dotnet\tools;C:\Program Files\Azure Data Studio\bin;.
	java.net.preferIPv4Stack = true
	java.runtime.name = Java(TM) SE Runtime Environment
	java.runtime.version = 1.8.0_73-b02
	java.specification.name = Java Platform API Specification
	java.specification.vendor = Oracle Corporation
	java.specification.version = 1.8
	java.util.logging.manager = org.jboss.logmanager.LogManager
	java.vendor = Oracle Corporation
	java.vendor.url = http://java.oracle.com/
	java.vendor.url.bug = http://bugreport.sun.com/bugreport/
	java.version = 1.8.0_73
	java.vm.info = mixed mode
	java.vm.name = Java HotSpot(TM) 64-Bit Server VM
	java.vm.specification.name = Java Virtual Machine Specification
	java.vm.specification.vendor = Oracle Corporation
	java.vm.specification.version = 1.8
	java.vm.vendor = Oracle Corporation
	java.vm.version = 25.73-b02
	javax.management.builder.initial = org.jboss.as.jmx.PluggableMBeanServerBuilder
	javax.xml.datatype.DatatypeFactory = __redirected.__DatatypeFactory
	javax.xml.parsers.DocumentBuilderFactory = __redirected.__DocumentBuilderFactory
	javax.xml.parsers.SAXParserFactory = __redirected.__SAXParserFactory
	javax.xml.stream.XMLEventFactory = __redirected.__XMLEventFactory
	javax.xml.stream.XMLInputFactory = __redirected.__XMLInputFactory
	javax.xml.stream.XMLOutputFactory = __redirected.__XMLOutputFactory
	javax.xml.transform.TransformerFactory = __redirected.__TransformerFactory
	javax.xml.validation.SchemaFactory:http://www.w3.org/2001/XMLSchema = __redirected.__SchemaFactory
	javax.xml.xpath.XPathFactory:http://java.sun.com/jaxp/xpath/dom = __redirected.__XPathFactory
	jboss.home.dir = C:\take\wildfly-10.1.0.Final
	jboss.host.name = kadekk3939-lapt
	jboss.modules.dir = C:\take\wildfly-10.1.0.Final\modules
	jboss.modules.system.pkgs = org.jboss.byteman
	jboss.node.name = kadekk3939-lapt
	jboss.qualified.host.name = kadekk3939-lapt
	jboss.server.base.dir = C:\take\wildfly-10.1.0.Final\standalone
	jboss.server.config.dir = C:\take\wildfly-10.1.0.Final\standalone\configuration
	jboss.server.data.dir = C:\take\wildfly-10.1.0.Final\standalone\data
	jboss.server.deploy.dir = C:\take\wildfly-10.1.0.Final\standalone\data\content
	jboss.server.log.dir = C:\take\wildfly-10.1.0.Final\standalone\log
	jboss.server.name = kadekk3939-lapt
	jboss.server.persist.config = true
	jboss.server.temp.dir = C:\take\wildfly-10.1.0.Final\standalone\tmp
	line.separator = 

	logging.configuration = file:C:\take\wildfly-10.1.0.Final\standalone\configuration/logging.properties
	module.path = C:\take\wildfly-10.1.0.Final\modules
	org.jboss.boot.log.file = C:\take\wildfly-10.1.0.Final\standalone\log\server.log
	org.jboss.resolver.warning = true
	org.xml.sax.driver = __redirected.__XMLReaderFactory
	os.arch = amd64
	os.name = Windows 10
	os.version = 10.0
	path.separator = ;
	program.name = standalone.bat
	sun.arch.data.model = 64
	sun.boot.class.path = C:\take\jdk\jre\lib\resources.jar;C:\take\jdk\jre\lib\rt.jar;C:\take\jdk\jre\lib\sunrsasign.jar;C:\take\jdk\jre\lib\jsse.jar;C:\take\jdk\jre\lib\jce.jar;C:\take\jdk\jre\lib\charsets.jar;C:\take\jdk\jre\lib\jfr.jar;C:\take\jdk\jre\classes
	sun.boot.library.path = C:\take\jdk\jre\bin
	sun.cpu.endian = little
	sun.cpu.isalist = amd64
	sun.desktop = windows
	sun.io.unicode.encoding = UnicodeLittle
	sun.java.command = C:\take\wildfly-10.1.0.Final\jboss-modules.jar -mp C:\take\wildfly-10.1.0.Final\modules org.jboss.as.standalone -Djboss.home.dir=C:\take\wildfly-10.1.0.Final
	sun.java.launcher = SUN_STANDARD
	sun.jnu.encoding = Cp1250
	sun.management.compiler = HotSpot 64-Bit Tiered Compilers
	sun.os.patch.level = 
	sun.stderr.encoding = cp852
	sun.stdout.encoding = cp852
	user.country = PL
	user.dir = C:\take
	user.home = C:\Users\Jasiek
	user.language = pl
	user.name = Jasiek
	user.script = 
	user.timezone = Europe/Belgrade
	user.variant = 
2023-06-25 20:47:03,229 DEBUG [org.jboss.as.config] (MSC service thread 1-7) VM Arguments: -Dprogram.name=standalone.bat -Xms64M -Xmx512M -XX:MetaspaceSize=96M -XX:MaxMetaspaceSize=256m -Djava.net.preferIPv4Stack=true -Djboss.modules.system.pkgs=org.jboss.byteman -Dorg.jboss.boot.log.file=C:\take\wildfly-10.1.0.Final\standalone\log\server.log -Dlogging.configuration=file:C:\take\wildfly-10.1.0.Final\standalone\configuration/logging.properties 
2023-06-25 20:47:05,828 INFO  [org.jboss.as.repository] (ServerService Thread Pool -- 4) WFLYDR0001: Content added at location C:\take\wildfly-10.1.0.Final\standalone\data\content\08\0c5a481cd7abf27bfd4b48edf73b1cb214085e\content
2023-06-25 20:47:05,842 INFO  [org.jboss.as.repository] (ServerService Thread Pool -- 4) WFLYDR0001: Content added at location C:\take\wildfly-10.1.0.Final\standalone\data\content\56\f11c35b11627d6950f422e5dd3bacb40d63793\content
2023-06-25 20:47:05,855 INFO  [org.jboss.as.server] (Controller Boot Thread) WFLYSRV0039: Creating http management service using socket-binding (management-http)
2023-06-25 20:47:05,877 INFO  [org.xnio] (MSC service thread 1-4) XNIO version 3.4.0.Final
2023-06-25 20:47:05,891 INFO  [org.xnio.nio] (MSC service thread 1-4) XNIO NIO Implementation Version 3.4.0.Final
2023-06-25 20:47:05,999 WARN  [org.jboss.as.txn] (ServerService Thread Pool -- 54) WFLYTX0013: Node identifier property is set to the default value. Please make sure it is unique.
2023-06-25 20:47:06,002 INFO  [org.jboss.remoting] (MSC service thread 1-4) JBoss Remoting version 4.0.21.Final
2023-06-25 20:47:06,018 INFO  [org.jboss.as.webservices] (ServerService Thread Pool -- 56) WFLYWS0002: Activating WebServices Extension
2023-06-25 20:47:06,038 INFO  [org.jboss.as.security] (ServerService Thread Pool -- 53) WFLYSEC0002: Activating Security Subsystem
2023-06-25 20:47:06,050 INFO  [org.jboss.as.connector.subsystems.datasources] (ServerService Thread Pool -- 33) WFLYJCA0004: Deploying JDBC-compliant driver class org.h2.Driver (version 1.3)
2023-06-25 20:47:06,061 INFO  [org.jboss.as.naming] (ServerService Thread Pool -- 46) WFLYNAM0001: Activating Naming Subsystem
2023-06-25 20:47:06,071 INFO  [org.jboss.as.security] (MSC service thread 1-2) WFLYSEC0001: Current PicketBox version=4.9.6.Final
2023-06-25 20:47:06,079 INFO  [org.jboss.as.jsf] (ServerService Thread Pool -- 44) WFLYJSF0007: Activated the following JSF Implementations: [main]
2023-06-25 20:47:06,080 INFO  [org.wildfly.extension.undertow] (MSC service thread 1-7) WFLYUT0003: Undertow 1.4.0.Final starting
2023-06-25 20:47:06,081 INFO  [org.jboss.as.connector] (MSC service thread 1-8) WFLYJCA0009: Starting JCA Subsystem (WildFly/IronJacamar 1.3.4.Final)
2023-06-25 20:47:06,098 INFO  [org.jboss.as.connector.deployers.jdbc] (MSC service thread 1-1) WFLYJCA0018: Started Driver service with driver-name = h2
2023-06-25 20:47:06,101 INFO  [org.jboss.as.clustering.infinispan] (ServerService Thread Pool -- 38) WFLYCLINF0001: Activating Infinispan subsystem.
2023-06-25 20:47:06,228 INFO  [org.wildfly.extension.io] (ServerService Thread Pool -- 37) WFLYIO001: Worker 'default' has auto-configured to 8 core threads with 64 task threads based on your 4 available processors
2023-06-25 20:47:06,475 INFO  [org.jboss.as.naming] (MSC service thread 1-1) WFLYNAM0003: Starting Naming Service
2023-06-25 20:47:06,491 INFO  [org.jboss.as.mail.extension] (MSC service thread 1-8) WFLYMAIL0001: Bound mail session [java:jboss/mail/Default]
2023-06-25 20:47:06,852 INFO  [org.jboss.as.ejb3] (MSC service thread 1-8) WFLYEJB0482: Strict pool mdb-strict-max-pool is using a max instance size of 16 (per class), which is derived from the number of CPUs on this host.
2023-06-25 20:47:06,890 INFO  [org.jboss.as.ejb3] (MSC service thread 1-7) WFLYEJB0481: Strict pool slsb-strict-max-pool is using a max instance size of 64 (per class), which is derived from thread worker pool sizing.
2023-06-25 20:47:07,044 INFO  [org.wildfly.extension.undertow] (ServerService Thread Pool -- 55) WFLYUT0014: Creating file handler for path 'C:\take\wildfly-10.1.0.Final/welcome-content' with options [directory-listing: 'false', follow-symlink: 'false', case-sensitive: 'true', safe-symlink-paths: '[]']
2023-06-25 20:47:07,070 INFO  [org.wildfly.extension.undertow] (MSC service thread 1-7) WFLYUT0012: Started server default-server.
2023-06-25 20:47:07,164 INFO  [org.wildfly.extension.undertow] (MSC service thread 1-4) WFLYUT0018: Host default-host starting
2023-06-25 20:47:07,600 WARN  [org.jboss.as.domain.management.security] (MSC service thread 1-7) WFLYDM0111: Keystore C:\take\wildfly-10.1.0.Final\standalone\configuration\application.keystore not found, it will be auto generated on first use with a self signed certificate for host localhost
2023-06-25 20:47:07,713 INFO  [org.jboss.as.server.deployment.scanner] (MSC service thread 1-7) WFLYDS0013: Started FileSystemDeploymentService for directory C:\take\wildfly-10.1.0.Final\standalone\deployments
2023-06-25 20:47:07,704 INFO  [org.jboss.as.server.deployment] (MSC service thread 1-5) WFLYSRV0027: Starting deployment of "take.war" (runtime-name: "take.war")
2023-06-25 20:47:07,716 INFO  [org.jboss.as.server.deployment] (MSC service thread 1-1) WFLYSRV0027: Starting deployment of "h2console.war" (runtime-name: "h2console.war")
2023-06-25 20:47:08,131 INFO  [org.infinispan.factories.GlobalComponentRegistry] (MSC service thread 1-5) ISPN000128: Infinispan version: Infinispan 'Chakra' 8.2.4.Final
2023-06-25 20:47:08,212 INFO  [org.infinispan.configuration.cache.EvictionConfigurationBuilder] (ServerService Thread Pool -- 60) ISPN000152: Passivation configured without an eviction policy being selected. Only manually evicted entities will be passivated.
2023-06-25 20:47:08,216 INFO  [org.infinispan.configuration.cache.EvictionConfigurationBuilder] (ServerService Thread Pool -- 60) ISPN000152: Passivation configured without an eviction policy being selected. Only manually evicted entities will be passivated.
2023-06-25 20:47:08,197 INFO  [org.infinispan.configuration.cache.EvictionConfigurationBuilder] (ServerService Thread Pool -- 59) ISPN000152: Passivation configured without an eviction policy being selected. Only manually evicted entities will be passivated.
2023-06-25 20:47:08,267 INFO  [org.infinispan.configuration.cache.EvictionConfigurationBuilder] (ServerService Thread Pool -- 59) ISPN000152: Passivation configured without an eviction policy being selected. Only manually evicted entities will be passivated.
2023-06-25 20:47:08,299 INFO  [org.infinispan.configuration.cache.EvictionConfigurationBuilder] (ServerService Thread Pool -- 62) ISPN000152: Passivation configured without an eviction policy being selected. Only manually evicted entities will be passivated.
2023-06-25 20:47:08,305 INFO  [org.infinispan.configuration.cache.EvictionConfigurationBuilder] (ServerService Thread Pool -- 62) ISPN000152: Passivation configured without an eviction policy being selected. Only manually evicted entities will be passivated.
2023-06-25 20:47:08,647 INFO  [org.wildfly.extension.undertow] (MSC service thread 1-4) WFLYUT0006: Undertow HTTP listener default listening on 127.0.0.1:8080
2023-06-25 20:47:08,690 INFO  [org.wildfly.extension.undertow] (MSC service thread 1-3) WFLYUT0006: Undertow HTTPS listener https listening on 127.0.0.1:8443
2023-06-25 20:47:09,036 INFO  [org.jboss.as.connector.subsystems.datasources] (MSC service thread 1-5) WFLYJCA0001: Bound data source [java:jboss/datasources/ExampleDS]
2023-06-25 20:47:09,056 INFO  [org.jboss.ws.common.management] (MSC service thread 1-3) JBWS022052: Starting JBossWS 5.1.5.Final (Apache CXF 3.1.6) 
2023-06-25 20:47:09,529 INFO  [org.jboss.as.jpa] (MSC service thread 1-1) WFLYJPA0002: Read persistence.xml for komis
2023-06-25 20:47:09,653 INFO  [org.jboss.as.jpa] (ServerService Thread Pool -- 59) WFLYJPA0010: Starting Persistence Unit (phase 1 of 2) Service 'take.war#komis'
2023-06-25 20:47:09,738 INFO  [org.hibernate.jpa.internal.util.LogHelper] (ServerService Thread Pool -- 59) HHH000204: Processing PersistenceUnitInfo [
	name: komis
	...]
2023-06-25 20:47:09,758 INFO  [org.jboss.weld.deployer] (MSC service thread 1-1) WFLYWELD0003: Processing weld deployment take.war
2023-06-25 20:47:09,964 INFO  [org.hibernate.validator.internal.util.Version] (MSC service thread 1-1) HV000001: Hibernate Validator 5.2.4.Final
2023-06-25 20:47:10,017 INFO  [org.hibernate.Version] (ServerService Thread Pool -- 59) HHH000412: Hibernate Core {5.0.10.Final}
2023-06-25 20:47:10,033 INFO  [org.hibernate.cfg.Environment] (ServerService Thread Pool -- 59) HHH000206: hibernate.properties not found
2023-06-25 20:47:10,039 INFO  [org.hibernate.cfg.Environment] (ServerService Thread Pool -- 59) HHH000021: Bytecode provider name : javassist
2023-06-25 20:47:10,263 INFO  [org.hibernate.annotations.common.Version] (ServerService Thread Pool -- 59) HCANN000001: Hibernate Commons Annotations {5.0.1.Final}
2023-06-25 20:47:10,269 INFO  [org.jboss.as.ejb3.deployment] (MSC service thread 1-1) WFLYEJB0473: JNDI bindings for session bean named 'KomisEJB' in deployment unit 'deployment "take.war"' are as follows:

	java:global/take/KomisEJB!pl.kurs.komis.KomisEJB
	java:app/take/KomisEJB!pl.kurs.komis.KomisEJB
	java:module/KomisEJB!pl.kurs.komis.KomisEJB
	java:global/take/KomisEJB
	java:app/take/KomisEJB
	java:module/KomisEJB

2023-06-25 20:47:10,334 INFO  [org.jboss.as.ejb3.deployment] (MSC service thread 1-1) WFLYEJB0473: JNDI bindings for session bean named 'KredytEJB' in deployment unit 'deployment "take.war"' are as follows:

	java:global/take/KredytEJB!pl.kurs.kredyt.KredytEJB
	java:app/take/KredytEJB!pl.kurs.kredyt.KredytEJB
	java:module/KredytEJB!pl.kurs.kredyt.KredytEJB
	java:global/take/KredytEJB
	java:app/take/KredytEJB
	java:module/KredytEJB

2023-06-25 20:47:10,634 INFO  [org.wildfly.extension.undertow] (ServerService Thread Pool -- 63) WFLYUT0021: Registered web context: /h2console
2023-06-25 20:47:10,646 INFO  [org.infinispan.configuration.cache.EvictionConfigurationBuilder] (ServerService Thread Pool -- 63) ISPN000152: Passivation configured without an eviction policy being selected. Only manually evicted entities will be passivated.
2023-06-25 20:47:10,647 INFO  [org.infinispan.configuration.cache.EvictionConfigurationBuilder] (ServerService Thread Pool -- 63) ISPN000152: Passivation configured without an eviction policy being selected. Only manually evicted entities will be passivated.
2023-06-25 20:47:10,729 INFO  [org.jboss.weld.Version] (MSC service thread 1-1) WELD-000900: 2.3.5 (Final)
2023-06-25 20:47:11,070 INFO  [org.jboss.as.jpa] (ServerService Thread Pool -- 59) WFLYJPA0010: Starting Persistence Unit (phase 2 of 2) Service 'take.war#komis'
2023-06-25 20:47:11,333 INFO  [org.jboss.as.clustering.infinispan] (ServerService Thread Pool -- 63) WFLYCLINF0002: Started client-mappings cache from ejb container
2023-06-25 20:47:11,496 INFO  [org.hibernate.dialect.Dialect] (ServerService Thread Pool -- 59) HHH000400: Using dialect: org.hibernate.dialect.H2Dialect
2023-06-25 20:47:11,508 WARN  [org.hibernate.dialect.H2Dialect] (ServerService Thread Pool -- 59) HHH000431: Unable to determine H2 database version, certain features may not work
2023-06-25 20:47:11,566 INFO  [org.hibernate.envers.boot.internal.EnversServiceImpl] (ServerService Thread Pool -- 59) Envers integration enabled? : true
2023-06-25 20:47:12,202 INFO  [org.hibernate.tool.hbm2ddl.SchemaUpdate] (ServerService Thread Pool -- 59) HHH000228: Running hbm2ddl schema update
2023-06-25 20:47:12,229 INFO  [org.hibernate.tool.schema.extract.internal.InformationExtractorJdbcDatabaseMetaDataImpl] (ServerService Thread Pool -- 59) HHH000262: Table not found: Car
2023-06-25 20:47:12,231 INFO  [org.hibernate.tool.schema.extract.internal.InformationExtractorJdbcDatabaseMetaDataImpl] (ServerService Thread Pool -- 59) HHH000262: Table not found: Car
2023-06-25 20:47:13,227 INFO  [org.wildfly.extension.undertow] (ServerService Thread Pool -- 63) WFLYUT0021: Registered web context: /take
2023-06-25 20:47:13,273 INFO  [org.jboss.as.server] (ServerService Thread Pool -- 34) WFLYSRV0010: Deployed "take.war" (runtime-name : "take.war")
2023-06-25 20:47:13,276 INFO  [org.jboss.as.server] (ServerService Thread Pool -- 34) WFLYSRV0010: Deployed "h2console.war" (runtime-name : "h2console.war")
2023-06-25 20:47:13,507 INFO  [org.jboss.as] (Controller Boot Thread) WFLYSRV0060: Http management interface listening on http://127.0.0.1:9990/management
2023-06-25 20:47:13,512 INFO  [org.jboss.as] (Controller Boot Thread) WFLYSRV0051: Admin console listening on http://127.0.0.1:9990
2023-06-25 20:47:13,515 INFO  [org.jboss.as] (Controller Boot Thread) WFLYSRV0025: WildFly Full 10.1.0.Final (WildFly Core 2.2.0.Final) started in 11350ms - Started 549 of 789 services (415 services are lazy, passive or on-demand)
2023-06-25 20:48:07,259 INFO  [stdout] (default task-1) Tworzenie kredytu: 90145881
2023-06-25 20:48:07,271 INFO  [stdout] (default task-1) Tworzenie kredytu: 1222450193
2023-06-25 20:48:07,296 INFO  [stdout] (default task-1) setKwota: 1222450193
2023-06-25 20:48:07,301 INFO  [stdout] (default task-1) getRata: 1222450193
2023-06-25 20:48:23,479 INFO  [org.jboss.as.server] (Thread-2) WFLYSRV0220: Server shutdown has been requested via an OS signal
2023-06-25 20:48:23,518 INFO  [org.wildfly.extension.undertow] (ServerService Thread Pool -- 66) WFLYUT0022: Unregistered web context: /h2console
2023-06-25 20:48:23,525 INFO  [org.wildfly.extension.undertow] (ServerService Thread Pool -- 69) WFLYUT0022: Unregistered web context: /take
2023-06-25 20:48:23,557 INFO  [org.wildfly.extension.undertow] (MSC service thread 1-4) WFLYUT0019: Host default-host stopping
2023-06-25 20:48:23,626 INFO  [org.jboss.as.jpa] (ServerService Thread Pool -- 66) WFLYJPA0011: Stopping Persistence Unit (phase 2 of 2) Service 'take.war#komis'
2023-06-25 20:48:23,640 INFO  [org.jboss.as.server.deployment] (MSC service thread 1-6) WFLYSRV0028: Stopped deployment h2console.war (runtime-name: h2console.war) in 153ms
2023-06-25 20:48:23,658 INFO  [org.jboss.as.jpa] (ServerService Thread Pool -- 66) WFLYJPA0011: Stopping Persistence Unit (phase 1 of 2) Service 'take.war#komis'
2023-06-25 20:48:23,659 INFO  [org.jboss.as.clustering.infinispan] (ServerService Thread Pool -- 68) WFLYCLINF0003: Stopped client-mappings cache from ejb container
2023-06-25 20:48:23,660 INFO  [org.jboss.as.connector.subsystems.datasources] (MSC service thread 1-4) WFLYJCA0010: Unbound data source [java:jboss/datasources/ExampleDS]
2023-06-25 20:48:23,675 INFO  [org.wildfly.extension.undertow] (MSC service thread 1-5) WFLYUT0008: Undertow HTTP listener default suspending
2023-06-25 20:48:23,677 INFO  [org.wildfly.extension.undertow] (MSC service thread 1-4) WFLYUT0008: Undertow HTTPS listener https suspending
2023-06-25 20:48:23,696 INFO  [org.wildfly.extension.undertow] (MSC service thread 1-4) WFLYUT0007: Undertow HTTPS listener https stopped, was bound to 127.0.0.1:8443
2023-06-25 20:48:23,697 INFO  [org.jboss.as.connector.deployers.jdbc] (MSC service thread 1-7) WFLYJCA0019: Stopped Driver service with driver-name = h2
2023-06-25 20:48:23,699 INFO  [org.wildfly.extension.undertow] (MSC service thread 1-5) WFLYUT0007: Undertow HTTP listener default stopped, was bound to 127.0.0.1:8080
2023-06-25 20:48:23,716 INFO  [org.jboss.as.server.deployment] (MSC service thread 1-3) WFLYSRV0028: Stopped deployment take.war (runtime-name: take.war) in 221ms
2023-06-25 20:48:23,722 INFO  [org.wildfly.extension.undertow] (MSC service thread 1-2) WFLYUT0004: Undertow 1.4.0.Final stopping
2023-06-25 20:48:23,751 INFO  [org.jboss.as] (MSC service thread 1-6) WFLYSRV0050: WildFly Full 10.1.0.Final (WildFly Core 2.2.0.Final) stopped in 260ms
